{"C:\\Users\\DELL\\Documents\\Hacktiv8\\Phase 2\\Projects\\IP-HCK79\\server\\app.js": {"path":"C:\\Users\\DELL\\Documents\\Hacktiv8\\Phase 2\\Projects\\IP-HCK79\\server\\app.js","statementMap":{"0":{"start":{"line":1,"column":16},"end":{"line":1,"column":34}},"1":{"start":{"line":2,"column":13},"end":{"line":2,"column":28}},"2":{"start":{"line":3,"column":12},"end":{"line":3,"column":21}},"3":{"start":{"line":4,"column":15},"end":{"line":4,"column":34}},"4":{"start":{"line":6,"column":21},"end":{"line":6,"column":58}},"5":{"start":{"line":7,"column":24},"end":{"line":7,"column":64}},"6":{"start":{"line":9,"column":0},"end":{"line":9,"column":15}},"7":{"start":{"line":10,"column":0},"end":{"line":10,"column":48}},"8":{"start":{"line":11,"column":0},"end":{"line":11,"column":23}},"9":{"start":{"line":13,"column":0},"end":{"line":13,"column":24}},"10":{"start":{"line":15,"column":0},"end":{"line":15,"column":20}},"11":{"start":{"line":17,"column":0},"end":{"line":17,"column":21}},"12":{"start":{"line":19,"column":0},"end":{"line":19,"column":20}}},"fnMap":{},"branchMap":{},"s":{"0":3,"1":3,"2":3,"3":3,"4":3,"5":3,"6":3,"7":3,"8":3,"9":3,"10":3,"11":3,"12":3},"f":{},"b":{},"_coverageSchema":"1a1c01bbd47fc00a2c39e90264f33305004495a9","hash":"4647eaa197203838201ef40b7e377c1d2c3ff387"}
,"C:\\Users\\DELL\\Documents\\Hacktiv8\\Phase 2\\Projects\\IP-HCK79\\server\\controllers\\moduleController.js": {"path":"C:\\Users\\DELL\\Documents\\Hacktiv8\\Phase 2\\Projects\\IP-HCK79\\server\\controllers\\moduleController.js","statementMap":{"0":{"start":{"line":1,"column":41},"end":{"line":1,"column":61}},"1":{"start":{"line":2,"column":43},"end":{"line":2,"column":75}},"2":{"start":{"line":4,"column":14},"end":{"line":4,"column":64}},"3":{"start":{"line":12,"column":4},"end":{"line":27,"column":5}},"4":{"start":{"line":16,"column":20},"end":{"line":22,"column":8}},"5":{"start":{"line":24,"column":6},"end":{"line":24,"column":35}},"6":{"start":{"line":26,"column":6},"end":{"line":26,"column":15}},"7":{"start":{"line":31,"column":4},"end":{"line":122,"column":5}},"8":{"start":{"line":32,"column":21},"end":{"line":32,"column":33}},"9":{"start":{"line":35,"column":17},"end":{"line":41,"column":8}},"10":{"start":{"line":42,"column":17},"end":{"line":42,"column":26}},"11":{"start":{"line":43,"column":6},"end":{"line":43,"column":24}},"12":{"start":{"line":45,"column":20},"end":{"line":51,"column":8}},"13":{"start":{"line":53,"column":22},"end":{"line":59,"column":8}},"14":{"start":{"line":60,"column":6},"end":{"line":65,"column":8}},"15":{"start":{"line":61,"column":8},"end":{"line":64,"column":9}},"16":{"start":{"line":67,"column":21},"end":{"line":86,"column":7}},"17":{"start":{"line":88,"column":20},"end":{"line":94,"column":8}},"18":{"start":{"line":96,"column":6},"end":{"line":119,"column":11}},"19":{"start":{"line":97,"column":23},"end":{"line":106,"column":3}},"20":{"start":{"line":102,"column":48},"end":{"line":105,"column":9}},"21":{"start":{"line":110,"column":23},"end":{"line":110,"column":58}},"22":{"start":{"line":111,"column":30},"end":{"line":111,"column":64}},"23":{"start":{"line":115,"column":27},"end":{"line":115,"column":104}},"24":{"start":{"line":115,"column":54},"end":{"line":115,"column":103}},"25":{"start":{"line":115,"column":82},"end":{"line":115,"column":102}},"26":{"start":{"line":118,"column":8},"end":{"line":118,"column":40}},"27":{"start":{"line":121,"column":6},"end":{"line":121,"column":15}},"28":{"start":{"line":126,"column":4},"end":{"line":146,"column":5}},"29":{"start":{"line":130,"column":23},"end":{"line":130,"column":37}},"30":{"start":{"line":132,"column":19},"end":{"line":137,"column":8}},"31":{"start":{"line":138,"column":6},"end":{"line":140,"column":7}},"32":{"start":{"line":139,"column":8},"end":{"line":139,"column":63}},"33":{"start":{"line":143,"column":6},"end":{"line":143,"column":34}},"34":{"start":{"line":145,"column":6},"end":{"line":145,"column":15}},"35":{"start":{"line":150,"column":0},"end":{"line":150,"column":33}}},"fnMap":{"0":{"name":"(anonymous_0)","decl":{"start":{"line":11,"column":2},"end":{"line":11,"column":3}},"loc":{"start":{"line":11,"column":42},"end":{"line":28,"column":3}},"line":11},"1":{"name":"(anonymous_1)","decl":{"start":{"line":30,"column":2},"end":{"line":30,"column":3}},"loc":{"start":{"line":30,"column":55},"end":{"line":123,"column":3}},"line":30},"2":{"name":"(anonymous_2)","decl":{"start":{"line":60,"column":32},"end":{"line":60,"column":33}},"loc":{"start":{"line":60,"column":46},"end":{"line":65,"column":7}},"line":60},"3":{"name":"(anonymous_3)","decl":{"start":{"line":96,"column":7},"end":{"line":96,"column":8}},"loc":{"start":{"line":96,"column":19},"end":{"line":119,"column":7}},"line":96},"4":{"name":"(anonymous_4)","decl":{"start":{"line":102,"column":35},"end":{"line":102,"column":36}},"loc":{"start":{"line":102,"column":48},"end":{"line":105,"column":9}},"line":102},"5":{"name":"(anonymous_5)","decl":{"start":{"line":115,"column":42},"end":{"line":115,"column":43}},"loc":{"start":{"line":115,"column":54},"end":{"line":115,"column":103}},"line":115},"6":{"name":"(anonymous_6)","decl":{"start":{"line":115,"column":73},"end":{"line":115,"column":74}},"loc":{"start":{"line":115,"column":82},"end":{"line":115,"column":102}},"line":115},"7":{"name":"(anonymous_7)","decl":{"start":{"line":125,"column":2},"end":{"line":125,"column":3}},"loc":{"start":{"line":125,"column":45},"end":{"line":147,"column":3}},"line":125}},"branchMap":{"0":{"loc":{"start":{"line":138,"column":6},"end":{"line":140,"column":7}},"type":"if","locations":[{"start":{"line":138,"column":6},"end":{"line":140,"column":7}},{"start":{},"end":{}}],"line":138}},"s":{"0":3,"1":3,"2":3,"3":1,"4":1,"5":1,"6":0,"7":0,"8":0,"9":0,"10":0,"11":0,"12":0,"13":0,"14":0,"15":0,"16":0,"17":0,"18":0,"19":0,"20":0,"21":0,"22":0,"23":0,"24":0,"25":0,"26":0,"27":0,"28":2,"29":2,"30":2,"31":2,"32":1,"33":1,"34":1,"35":3},"f":{"0":1,"1":0,"2":0,"3":0,"4":0,"5":0,"6":0,"7":2},"b":{"0":[1,1]},"_coverageSchema":"1a1c01bbd47fc00a2c39e90264f33305004495a9","hash":"c5d8a2406daab27d22d50f1a2923fd9338429ceb"}
,"C:\\Users\\DELL\\Documents\\Hacktiv8\\Phase 2\\Projects\\IP-HCK79\\server\\controllers\\myModuleController.js": {"path":"C:\\Users\\DELL\\Documents\\Hacktiv8\\Phase 2\\Projects\\IP-HCK79\\server\\controllers\\myModuleController.js","statementMap":{"0":{"start":{"line":1,"column":41},"end":{"line":1,"column":61}},"1":{"start":{"line":7,"column":4},"end":{"line":28,"column":5}},"2":{"start":{"line":10,"column":21},"end":{"line":10,"column":33}},"3":{"start":{"line":12,"column":22},"end":{"line":22,"column":8}},"4":{"start":{"line":25,"column":6},"end":{"line":25,"column":37}},"5":{"start":{"line":27,"column":6},"end":{"line":27,"column":15}},"6":{"start":{"line":32,"column":4},"end":{"line":65,"column":5}},"7":{"start":{"line":35,"column":21},"end":{"line":35,"column":33}},"8":{"start":{"line":37,"column":23},"end":{"line":37,"column":43}},"9":{"start":{"line":40,"column":19},"end":{"line":40,"column":50}},"10":{"start":{"line":41,"column":6},"end":{"line":43,"column":7}},"11":{"start":{"line":42,"column":8},"end":{"line":42,"column":63}},"12":{"start":{"line":46,"column":21},"end":{"line":51,"column":8}},"13":{"start":{"line":52,"column":6},"end":{"line":52,"column":38}},"14":{"start":{"line":53,"column":6},"end":{"line":55,"column":7}},"15":{"start":{"line":54,"column":8},"end":{"line":54,"column":75}},"16":{"start":{"line":58,"column":6},"end":{"line":58,"column":78}},"17":{"start":{"line":61,"column":61},"end":{"line":61,"column":78}},"18":{"start":{"line":62,"column":6},"end":{"line":62,"column":47}},"19":{"start":{"line":64,"column":6},"end":{"line":64,"column":15}},"20":{"start":{"line":68,"column":4},"end":{"line":84,"column":5}},"21":{"start":{"line":76,"column":17},"end":{"line":76,"column":31}},"22":{"start":{"line":78,"column":6},"end":{"line":78,"column":47}},"23":{"start":{"line":81,"column":6},"end":{"line":81,"column":75}},"24":{"start":{"line":83,"column":6},"end":{"line":83,"column":15}},"25":{"start":{"line":87,"column":4},"end":{"line":111,"column":5}},"26":{"start":{"line":95,"column":17},"end":{"line":95,"column":31}},"27":{"start":{"line":97,"column":21},"end":{"line":97,"column":48}},"28":{"start":{"line":98,"column":6},"end":{"line":100,"column":7}},"29":{"start":{"line":99,"column":8},"end":{"line":99,"column":83}},"30":{"start":{"line":102,"column":6},"end":{"line":105,"column":8}},"31":{"start":{"line":108,"column":6},"end":{"line":108,"column":86}},"32":{"start":{"line":110,"column":6},"end":{"line":110,"column":15}},"33":{"start":{"line":115,"column":0},"end":{"line":115,"column":33}}},"fnMap":{"0":{"name":"(anonymous_0)","decl":{"start":{"line":6,"column":2},"end":{"line":6,"column":3}},"loc":{"start":{"line":6,"column":44},"end":{"line":29,"column":3}},"line":6},"1":{"name":"(anonymous_1)","decl":{"start":{"line":31,"column":2},"end":{"line":31,"column":3}},"loc":{"start":{"line":31,"column":46},"end":{"line":66,"column":3}},"line":31},"2":{"name":"(anonymous_2)","decl":{"start":{"line":67,"column":2},"end":{"line":67,"column":3}},"loc":{"start":{"line":67,"column":46},"end":{"line":85,"column":3}},"line":67},"3":{"name":"(anonymous_3)","decl":{"start":{"line":86,"column":2},"end":{"line":86,"column":3}},"loc":{"start":{"line":86,"column":46},"end":{"line":112,"column":3}},"line":86}},"branchMap":{"0":{"loc":{"start":{"line":41,"column":6},"end":{"line":43,"column":7}},"type":"if","locations":[{"start":{"line":41,"column":6},"end":{"line":43,"column":7}},{"start":{},"end":{}}],"line":41},"1":{"loc":{"start":{"line":53,"column":6},"end":{"line":55,"column":7}},"type":"if","locations":[{"start":{"line":53,"column":6},"end":{"line":55,"column":7}},{"start":{},"end":{}}],"line":53},"2":{"loc":{"start":{"line":98,"column":6},"end":{"line":100,"column":7}},"type":"if","locations":[{"start":{"line":98,"column":6},"end":{"line":100,"column":7}},{"start":{},"end":{}}],"line":98}},"s":{"0":3,"1":1,"2":1,"3":1,"4":1,"5":0,"6":3,"7":3,"8":3,"9":3,"10":3,"11":1,"12":2,"13":2,"14":2,"15":1,"16":1,"17":1,"18":1,"19":2,"20":1,"21":1,"22":1,"23":1,"24":0,"25":2,"26":2,"27":2,"28":2,"29":1,"30":1,"31":1,"32":1,"33":3},"f":{"0":1,"1":3,"2":1,"3":2},"b":{"0":[1,2],"1":[1,1],"2":[1,1]},"_coverageSchema":"1a1c01bbd47fc00a2c39e90264f33305004495a9","hash":"d57aa97f52621ce0102f1db8064ba3a6e2c20a58"}
,"C:\\Users\\DELL\\Documents\\Hacktiv8\\Phase 2\\Projects\\IP-HCK79\\server\\controllers\\teamController.js": {"path":"C:\\Users\\DELL\\Documents\\Hacktiv8\\Phase 2\\Projects\\IP-HCK79\\server\\controllers\\teamController.js","statementMap":{"0":{"start":{"line":1,"column":31},"end":{"line":1,"column":51}},"1":{"start":{"line":7,"column":4},"end":{"line":18,"column":5}},"2":{"start":{"line":10,"column":18},"end":{"line":12,"column":8}},"3":{"start":{"line":15,"column":6},"end":{"line":15,"column":33}},"4":{"start":{"line":17,"column":6},"end":{"line":17,"column":15}},"5":{"start":{"line":22,"column":0},"end":{"line":22,"column":31}}},"fnMap":{"0":{"name":"(anonymous_0)","decl":{"start":{"line":6,"column":2},"end":{"line":6,"column":3}},"loc":{"start":{"line":6,"column":40},"end":{"line":19,"column":3}},"line":6}},"branchMap":{},"s":{"0":3,"1":0,"2":0,"3":0,"4":0,"5":3},"f":{"0":0},"b":{},"_coverageSchema":"1a1c01bbd47fc00a2c39e90264f33305004495a9","hash":"e6ffec78e46a29f1aae2eb95f482f19be5dd59cc"}
,"C:\\Users\\DELL\\Documents\\Hacktiv8\\Phase 2\\Projects\\IP-HCK79\\server\\controllers\\userController.js": {"path":"C:\\Users\\DELL\\Documents\\Hacktiv8\\Phase 2\\Projects\\IP-HCK79\\server\\controllers\\userController.js","statementMap":{"0":{"start":{"line":1,"column":28},"end":{"line":1,"column":56}},"1":{"start":{"line":2,"column":22},"end":{"line":2,"column":47}},"2":{"start":{"line":3,"column":23},"end":{"line":3,"column":43}},"3":{"start":{"line":4,"column":25},"end":{"line":4,"column":55}},"4":{"start":{"line":5,"column":15},"end":{"line":5,"column":33}},"5":{"start":{"line":6,"column":0},"end":{"line":6,"column":27}},"6":{"start":{"line":8,"column":19},"end":{"line":8,"column":43}},"7":{"start":{"line":9,"column":0},"end":{"line":13,"column":3}},"8":{"start":{"line":19,"column":4},"end":{"line":37,"column":5}},"9":{"start":{"line":21,"column":63},"end":{"line":21,"column":71}},"10":{"start":{"line":24,"column":17},"end":{"line":24,"column":84}},"11":{"start":{"line":27,"column":6},"end":{"line":34,"column":8}},"12":{"start":{"line":36,"column":6},"end":{"line":36,"column":15}},"13":{"start":{"line":40,"column":4},"end":{"line":68,"column":5}},"14":{"start":{"line":42,"column":34},"end":{"line":42,"column":42}},"15":{"start":{"line":45,"column":6},"end":{"line":47,"column":7}},"16":{"start":{"line":46,"column":8},"end":{"line":46,"column":66}},"17":{"start":{"line":48,"column":6},"end":{"line":50,"column":7}},"18":{"start":{"line":49,"column":8},"end":{"line":49,"column":69}},"19":{"start":{"line":53,"column":17},"end":{"line":53,"column":57}},"20":{"start":{"line":54,"column":6},"end":{"line":56,"column":7}},"21":{"start":{"line":55,"column":8},"end":{"line":55,"column":73}},"22":{"start":{"line":57,"column":31},"end":{"line":57,"column":71}},"23":{"start":{"line":58,"column":6},"end":{"line":60,"column":7}},"24":{"start":{"line":59,"column":8},"end":{"line":59,"column":73}},"25":{"start":{"line":62,"column":25},"end":{"line":62,"column":51}},"26":{"start":{"line":65,"column":6},"end":{"line":65,"column":44}},"27":{"start":{"line":67,"column":6},"end":{"line":67,"column":15}},"28":{"start":{"line":72,"column":4},"end":{"line":117,"column":5}},"29":{"start":{"line":74,"column":30},"end":{"line":74,"column":38}},"30":{"start":{"line":75,"column":6},"end":{"line":75,"column":42}},"31":{"start":{"line":78,"column":21},"end":{"line":81,"column":8}},"32":{"start":{"line":84,"column":22},"end":{"line":84,"column":41}},"33":{"start":{"line":85,"column":6},"end":{"line":85,"column":38}},"34":{"start":{"line":87,"column":17},"end":{"line":91,"column":8}},"35":{"start":{"line":93,"column":6},"end":{"line":110,"column":7}},"36":{"start":{"line":94,"column":8},"end":{"line":105,"column":10}},"37":{"start":{"line":107,"column":8},"end":{"line":109,"column":9}},"38":{"start":{"line":108,"column":10},"end":{"line":108,"column":85}},"39":{"start":{"line":112,"column":27},"end":{"line":112,"column":53}},"40":{"start":{"line":114,"column":6},"end":{"line":114,"column":45}},"41":{"start":{"line":116,"column":6},"end":{"line":116,"column":15}},"42":{"start":{"line":121,"column":4},"end":{"line":137,"column":5}},"43":{"start":{"line":122,"column":21},"end":{"line":122,"column":33}},"44":{"start":{"line":125,"column":17},"end":{"line":131,"column":8}},"45":{"start":{"line":134,"column":6},"end":{"line":134,"column":32}},"46":{"start":{"line":136,"column":6},"end":{"line":136,"column":15}},"47":{"start":{"line":141,"column":4},"end":{"line":170,"column":5}},"48":{"start":{"line":142,"column":21},"end":{"line":142,"column":33}},"49":{"start":{"line":143,"column":24},"end":{"line":143,"column":32}},"50":{"start":{"line":146,"column":6},"end":{"line":148,"column":7}},"51":{"start":{"line":147,"column":8},"end":{"line":147,"column":66}},"52":{"start":{"line":150,"column":23},"end":{"line":150,"column":41}},"53":{"start":{"line":151,"column":26},"end":{"line":151,"column":61}},"54":{"start":{"line":153,"column":21},"end":{"line":159,"column":7}},"55":{"start":{"line":161,"column":6},"end":{"line":164,"column":7}},"56":{"start":{"line":167,"column":6},"end":{"line":167,"column":75}},"57":{"start":{"line":169,"column":6},"end":{"line":169,"column":15}},"58":{"start":{"line":174,"column":4},"end":{"line":210,"column":5}},"59":{"start":{"line":175,"column":21},"end":{"line":175,"column":33}},"60":{"start":{"line":176,"column":24},"end":{"line":176,"column":33}},"61":{"start":{"line":178,"column":6},"end":{"line":178,"column":34}},"62":{"start":{"line":181,"column":6},"end":{"line":183,"column":7}},"63":{"start":{"line":182,"column":8},"end":{"line":182,"column":66}},"64":{"start":{"line":185,"column":24},"end":{"line":185,"column":26}},"65":{"start":{"line":187,"column":6},"end":{"line":198,"column":7}},"66":{"start":{"line":188,"column":25},"end":{"line":188,"column":41}},"67":{"start":{"line":189,"column":28},"end":{"line":189,"column":61}},"68":{"start":{"line":191,"column":21},"end":{"line":196,"column":12}},"69":{"start":{"line":197,"column":8},"end":{"line":197,"column":43}},"70":{"start":{"line":200,"column":6},"end":{"line":203,"column":7}},"71":{"start":{"line":205,"column":6},"end":{"line":205,"column":31}},"72":{"start":{"line":207,"column":6},"end":{"line":207,"column":78}},"73":{"start":{"line":209,"column":6},"end":{"line":209,"column":15}},"74":{"start":{"line":214,"column":0},"end":{"line":214,"column":31}}},"fnMap":{"0":{"name":"(anonymous_0)","decl":{"start":{"line":18,"column":2},"end":{"line":18,"column":3}},"loc":{"start":{"line":18,"column":40},"end":{"line":38,"column":3}},"line":18},"1":{"name":"(anonymous_1)","decl":{"start":{"line":39,"column":2},"end":{"line":39,"column":3}},"loc":{"start":{"line":39,"column":37},"end":{"line":69,"column":3}},"line":39},"2":{"name":"(anonymous_2)","decl":{"start":{"line":71,"column":2},"end":{"line":71,"column":3}},"loc":{"start":{"line":71,"column":43},"end":{"line":118,"column":3}},"line":71},"3":{"name":"(anonymous_3)","decl":{"start":{"line":120,"column":2},"end":{"line":120,"column":3}},"loc":{"start":{"line":120,"column":39},"end":{"line":138,"column":3}},"line":120},"4":{"name":"(anonymous_4)","decl":{"start":{"line":140,"column":2},"end":{"line":140,"column":3}},"loc":{"start":{"line":140,"column":48},"end":{"line":171,"column":3}},"line":140},"5":{"name":"(anonymous_5)","decl":{"start":{"line":173,"column":2},"end":{"line":173,"column":3}},"loc":{"start":{"line":173,"column":51},"end":{"line":211,"column":3}},"line":173}},"branchMap":{"0":{"loc":{"start":{"line":45,"column":6},"end":{"line":47,"column":7}},"type":"if","locations":[{"start":{"line":45,"column":6},"end":{"line":47,"column":7}},{"start":{},"end":{}}],"line":45},"1":{"loc":{"start":{"line":48,"column":6},"end":{"line":50,"column":7}},"type":"if","locations":[{"start":{"line":48,"column":6},"end":{"line":50,"column":7}},{"start":{},"end":{}}],"line":48},"2":{"loc":{"start":{"line":54,"column":6},"end":{"line":56,"column":7}},"type":"if","locations":[{"start":{"line":54,"column":6},"end":{"line":56,"column":7}},{"start":{},"end":{}}],"line":54},"3":{"loc":{"start":{"line":58,"column":6},"end":{"line":60,"column":7}},"type":"if","locations":[{"start":{"line":58,"column":6},"end":{"line":60,"column":7}},{"start":{},"end":{}}],"line":58},"4":{"loc":{"start":{"line":93,"column":6},"end":{"line":110,"column":7}},"type":"if","locations":[{"start":{"line":93,"column":6},"end":{"line":110,"column":7}},{"start":{"line":106,"column":13},"end":{"line":110,"column":7}}],"line":93},"5":{"loc":{"start":{"line":107,"column":8},"end":{"line":109,"column":9}},"type":"if","locations":[{"start":{"line":107,"column":8},"end":{"line":109,"column":9}},{"start":{},"end":{}}],"line":107},"6":{"loc":{"start":{"line":146,"column":6},"end":{"line":148,"column":7}},"type":"if","locations":[{"start":{"line":146,"column":6},"end":{"line":148,"column":7}},{"start":{},"end":{}}],"line":146},"7":{"loc":{"start":{"line":181,"column":6},"end":{"line":183,"column":7}},"type":"if","locations":[{"start":{"line":181,"column":6},"end":{"line":183,"column":7}},{"start":{},"end":{}}],"line":181}},"s":{"0":3,"1":3,"2":3,"3":3,"4":3,"5":3,"6":3,"7":3,"8":3,"9":3,"10":3,"11":1,"12":2,"13":5,"14":5,"15":5,"16":1,"17":4,"18":1,"19":3,"20":3,"21":1,"22":2,"23":2,"24":1,"25":1,"26":1,"27":4,"28":0,"29":0,"30":0,"31":0,"32":0,"33":0,"34":0,"35":0,"36":0,"37":0,"38":0,"39":0,"40":0,"41":0,"42":1,"43":1,"44":1,"45":1,"46":0,"47":0,"48":0,"49":0,"50":0,"51":0,"52":0,"53":0,"54":0,"55":0,"56":0,"57":0,"58":0,"59":0,"60":0,"61":0,"62":0,"63":0,"64":0,"65":0,"66":0,"67":0,"68":0,"69":0,"70":0,"71":0,"72":0,"73":0,"74":3},"f":{"0":3,"1":5,"2":0,"3":1,"4":0,"5":0},"b":{"0":[1,4],"1":[1,3],"2":[1,2],"3":[1,1],"4":[0,0],"5":[0,0],"6":[0,0],"7":[0,0]},"_coverageSchema":"1a1c01bbd47fc00a2c39e90264f33305004495a9","hash":"ae35f9dc952cf0488cf6008f3db97619cef55d57"}
,"C:\\Users\\DELL\\Documents\\Hacktiv8\\Phase 2\\Projects\\IP-HCK79\\server\\helpers\\bcrypt.js": {"path":"C:\\Users\\DELL\\Documents\\Hacktiv8\\Phase 2\\Projects\\IP-HCK79\\server\\helpers\\bcrypt.js","statementMap":{"0":{"start":{"line":1,"column":15},"end":{"line":1,"column":34}},"1":{"start":{"line":4,"column":13},"end":{"line":4,"column":35}},"2":{"start":{"line":5,"column":13},"end":{"line":5,"column":44}},"3":{"start":{"line":6,"column":2},"end":{"line":6,"column":13}},"4":{"start":{"line":10,"column":2},"end":{"line":10,"column":44}},"5":{"start":{"line":13,"column":0},"end":{"line":13,"column":50}}},"fnMap":{"0":{"name":"hashPassword","decl":{"start":{"line":3,"column":9},"end":{"line":3,"column":21}},"loc":{"start":{"line":3,"column":32},"end":{"line":7,"column":1}},"line":3},"1":{"name":"comparePassword","decl":{"start":{"line":9,"column":9},"end":{"line":9,"column":24}},"loc":{"start":{"line":9,"column":41},"end":{"line":11,"column":1}},"line":9}},"branchMap":{},"s":{"0":3,"1":13,"2":13,"3":13,"4":2,"5":3},"f":{"0":13,"1":2},"b":{},"_coverageSchema":"1a1c01bbd47fc00a2c39e90264f33305004495a9","hash":"1b29f638e2469370eb88bd9c2dfd6b9a2e8068aa"}
,"C:\\Users\\DELL\\Documents\\Hacktiv8\\Phase 2\\Projects\\IP-HCK79\\server\\helpers\\jwt.js": {"path":"C:\\Users\\DELL\\Documents\\Hacktiv8\\Phase 2\\Projects\\IP-HCK79\\server\\helpers\\jwt.js","statementMap":{"0":{"start":{"line":1,"column":12},"end":{"line":1,"column":35}},"1":{"start":{"line":2,"column":0},"end":{"line":2,"column":26}},"2":{"start":{"line":5,"column":14},"end":{"line":5,"column":55}},"3":{"start":{"line":6,"column":2},"end":{"line":6,"column":14}},"4":{"start":{"line":10,"column":16},"end":{"line":10,"column":57}},"5":{"start":{"line":11,"column":2},"end":{"line":11,"column":16}},"6":{"start":{"line":14,"column":0},"end":{"line":14,"column":43}}},"fnMap":{"0":{"name":"signToken","decl":{"start":{"line":4,"column":9},"end":{"line":4,"column":18}},"loc":{"start":{"line":4,"column":28},"end":{"line":7,"column":1}},"line":4},"1":{"name":"verifyToken","decl":{"start":{"line":9,"column":9},"end":{"line":9,"column":20}},"loc":{"start":{"line":9,"column":28},"end":{"line":12,"column":1}},"line":9}},"branchMap":{},"s":{"0":3,"1":3,"2":5,"3":5,"4":18,"5":17,"6":3},"f":{"0":5,"1":18},"b":{},"_coverageSchema":"1a1c01bbd47fc00a2c39e90264f33305004495a9","hash":"cdaa478fc96a29ef960a040f778ac27ac0dc0a02"}
,"C:\\Users\\DELL\\Documents\\Hacktiv8\\Phase 2\\Projects\\IP-HCK79\\server\\middlewares\\authentication.js": {"path":"C:\\Users\\DELL\\Documents\\Hacktiv8\\Phase 2\\Projects\\IP-HCK79\\server\\middlewares\\authentication.js","statementMap":{"0":{"start":{"line":1,"column":24},"end":{"line":1,"column":49}},"1":{"start":{"line":2,"column":17},"end":{"line":2,"column":37}},"2":{"start":{"line":5,"column":2},"end":{"line":26,"column":3}},"3":{"start":{"line":6,"column":22},"end":{"line":6,"column":47}},"4":{"start":{"line":7,"column":4},"end":{"line":9,"column":5}},"5":{"start":{"line":8,"column":6},"end":{"line":8,"column":62}},"6":{"start":{"line":11,"column":20},"end":{"line":11,"column":42}},"7":{"start":{"line":12,"column":4},"end":{"line":14,"column":5}},"8":{"start":{"line":13,"column":6},"end":{"line":13,"column":62}},"9":{"start":{"line":16,"column":15},"end":{"line":16,"column":33}},"10":{"start":{"line":17,"column":15},"end":{"line":17,"column":43}},"11":{"start":{"line":18,"column":4},"end":{"line":20,"column":5}},"12":{"start":{"line":19,"column":6},"end":{"line":19,"column":62}},"13":{"start":{"line":22,"column":4},"end":{"line":22,"column":19}},"14":{"start":{"line":23,"column":4},"end":{"line":23,"column":10}},"15":{"start":{"line":25,"column":4},"end":{"line":25,"column":13}},"16":{"start":{"line":29,"column":0},"end":{"line":29,"column":31}}},"fnMap":{"0":{"name":"authentication","decl":{"start":{"line":4,"column":15},"end":{"line":4,"column":29}},"loc":{"start":{"line":4,"column":46},"end":{"line":27,"column":1}},"line":4}},"branchMap":{"0":{"loc":{"start":{"line":7,"column":4},"end":{"line":9,"column":5}},"type":"if","locations":[{"start":{"line":7,"column":4},"end":{"line":9,"column":5}},{"start":{},"end":{}}],"line":7},"1":{"loc":{"start":{"line":12,"column":4},"end":{"line":14,"column":5}},"type":"if","locations":[{"start":{"line":12,"column":4},"end":{"line":14,"column":5}},{"start":{},"end":{}}],"line":12},"2":{"loc":{"start":{"line":18,"column":4},"end":{"line":20,"column":5}},"type":"if","locations":[{"start":{"line":18,"column":4},"end":{"line":20,"column":5}},{"start":{},"end":{}}],"line":18}},"s":{"0":3,"1":3,"2":18,"3":18,"4":18,"5":2,"6":16,"7":16,"8":0,"9":16,"10":15,"11":15,"12":0,"13":15,"14":15,"15":3,"16":3},"f":{"0":18},"b":{"0":[2,16],"1":[0,16],"2":[0,15]},"_coverageSchema":"1a1c01bbd47fc00a2c39e90264f33305004495a9","hash":"584fbc12a93be0a4f69e932908d6a083be5b9318"}
,"C:\\Users\\DELL\\Documents\\Hacktiv8\\Phase 2\\Projects\\IP-HCK79\\server\\middlewares\\authorization.js": {"path":"C:\\Users\\DELL\\Documents\\Hacktiv8\\Phase 2\\Projects\\IP-HCK79\\server\\middlewares\\authorization.js","statementMap":{"0":{"start":{"line":1,"column":21},"end":{"line":1,"column":41}},"1":{"start":{"line":4,"column":2},"end":{"line":23,"column":3}},"2":{"start":{"line":5,"column":15},"end":{"line":5,"column":29}},"3":{"start":{"line":6,"column":19},"end":{"line":6,"column":31}},"4":{"start":{"line":7,"column":21},"end":{"line":7,"column":35}},"5":{"start":{"line":10,"column":19},"end":{"line":10,"column":46}},"6":{"start":{"line":11,"column":4},"end":{"line":13,"column":5}},"7":{"start":{"line":12,"column":6},"end":{"line":12,"column":66}},"8":{"start":{"line":16,"column":4},"end":{"line":18,"column":5}},"9":{"start":{"line":17,"column":6},"end":{"line":17,"column":68}},"10":{"start":{"line":20,"column":4},"end":{"line":20,"column":10}},"11":{"start":{"line":22,"column":4},"end":{"line":22,"column":13}},"12":{"start":{"line":26,"column":0},"end":{"line":26,"column":30}}},"fnMap":{"0":{"name":"authorization","decl":{"start":{"line":3,"column":15},"end":{"line":3,"column":28}},"loc":{"start":{"line":3,"column":45},"end":{"line":24,"column":1}},"line":3}},"branchMap":{"0":{"loc":{"start":{"line":11,"column":4},"end":{"line":13,"column":5}},"type":"if","locations":[{"start":{"line":11,"column":4},"end":{"line":13,"column":5}},{"start":{},"end":{}}],"line":11},"1":{"loc":{"start":{"line":16,"column":4},"end":{"line":18,"column":5}},"type":"if","locations":[{"start":{"line":16,"column":4},"end":{"line":18,"column":5}},{"start":{},"end":{}}],"line":16},"2":{"loc":{"start":{"line":16,"column":8},"end":{"line":16,"column":58}},"type":"binary-expr","locations":[{"start":{"line":16,"column":8},"end":{"line":16,"column":34}},{"start":{"line":16,"column":38},"end":{"line":16,"column":58}}],"line":16}},"s":{"0":3,"1":7,"2":7,"3":7,"4":7,"5":7,"6":7,"7":2,"8":5,"9":2,"10":3,"11":4,"12":3},"f":{"0":7},"b":{"0":[2,5],"1":[2,3],"2":[5,2]},"_coverageSchema":"1a1c01bbd47fc00a2c39e90264f33305004495a9","hash":"2573ac09312f3b7188a3eca8f6e4750b14cd48b0"}
,"C:\\Users\\DELL\\Documents\\Hacktiv8\\Phase 2\\Projects\\IP-HCK79\\server\\middlewares\\errorHandler.js": {"path":"C:\\Users\\DELL\\Documents\\Hacktiv8\\Phase 2\\Projects\\IP-HCK79\\server\\middlewares\\errorHandler.js","statementMap":{"0":{"start":{"line":2,"column":2},"end":{"line":28,"column":3}},"1":{"start":{"line":5,"column":6},"end":{"line":5,"column":62}},"2":{"start":{"line":6,"column":6},"end":{"line":6,"column":13}},"3":{"start":{"line":8,"column":6},"end":{"line":8,"column":52}},"4":{"start":{"line":9,"column":6},"end":{"line":9,"column":13}},"5":{"start":{"line":11,"column":6},"end":{"line":11,"column":52}},"6":{"start":{"line":12,"column":6},"end":{"line":12,"column":13}},"7":{"start":{"line":14,"column":6},"end":{"line":14,"column":52}},"8":{"start":{"line":15,"column":6},"end":{"line":15,"column":13}},"9":{"start":{"line":17,"column":6},"end":{"line":17,"column":52}},"10":{"start":{"line":18,"column":6},"end":{"line":18,"column":13}},"11":{"start":{"line":20,"column":6},"end":{"line":20,"column":56}},"12":{"start":{"line":21,"column":6},"end":{"line":21,"column":13}},"13":{"start":{"line":23,"column":6},"end":{"line":23,"column":64}},"14":{"start":{"line":24,"column":6},"end":{"line":24,"column":13}},"15":{"start":{"line":26,"column":6},"end":{"line":26,"column":38}},"16":{"start":{"line":27,"column":6},"end":{"line":27,"column":64}},"17":{"start":{"line":31,"column":0},"end":{"line":31,"column":29}}},"fnMap":{"0":{"name":"errorHandler","decl":{"start":{"line":1,"column":9},"end":{"line":1,"column":21}},"loc":{"start":{"line":1,"column":43},"end":{"line":29,"column":1}},"line":1}},"branchMap":{"0":{"loc":{"start":{"line":2,"column":2},"end":{"line":28,"column":3}},"type":"switch","locations":[{"start":{"line":3,"column":4},"end":{"line":3,"column":36}},{"start":{"line":4,"column":4},"end":{"line":6,"column":13}},{"start":{"line":7,"column":4},"end":{"line":9,"column":13}},{"start":{"line":10,"column":4},"end":{"line":12,"column":13}},{"start":{"line":13,"column":4},"end":{"line":15,"column":13}},{"start":{"line":16,"column":4},"end":{"line":18,"column":13}},{"start":{"line":19,"column":4},"end":{"line":21,"column":13}},{"start":{"line":22,"column":4},"end":{"line":24,"column":13}},{"start":{"line":25,"column":4},"end":{"line":27,"column":64}}],"line":2}},"s":{"0":17,"1":2,"2":2,"3":4,"4":4,"5":4,"6":4,"7":2,"8":2,"9":4,"10":4,"11":1,"12":1,"13":0,"14":0,"15":0,"16":0,"17":3},"f":{"0":17},"b":{"0":[2,2,4,4,2,4,1,0,0]},"_coverageSchema":"1a1c01bbd47fc00a2c39e90264f33305004495a9","hash":"6a7c87249584ae5ee8eee10bf4277b4cbe0ff2b7"}
,"C:\\Users\\DELL\\Documents\\Hacktiv8\\Phase 2\\Projects\\IP-HCK79\\server\\middlewares\\requestActivity.js": {"path":"C:\\Users\\DELL\\Documents\\Hacktiv8\\Phase 2\\Projects\\IP-HCK79\\server\\middlewares\\requestActivity.js","statementMap":{"0":{"start":{"line":2,"column":2},"end":{"line":2,"column":40}},"1":{"start":{"line":3,"column":2},"end":{"line":3,"column":8}},"2":{"start":{"line":6,"column":0},"end":{"line":6,"column":32}}},"fnMap":{"0":{"name":"requestActivity","decl":{"start":{"line":1,"column":9},"end":{"line":1,"column":24}},"loc":{"start":{"line":1,"column":41},"end":{"line":4,"column":1}},"line":1}},"branchMap":{},"s":{"0":26,"1":26,"2":3},"f":{"0":26},"b":{},"_coverageSchema":"1a1c01bbd47fc00a2c39e90264f33305004495a9","hash":"50dd2197bf33e5edb589b58fef5238e7faf7d114"}
,"C:\\Users\\DELL\\Documents\\Hacktiv8\\Phase 2\\Projects\\IP-HCK79\\server\\models\\index.js": {"path":"C:\\Users\\DELL\\Documents\\Hacktiv8\\Phase 2\\Projects\\IP-HCK79\\server\\models\\index.js","statementMap":{"0":{"start":{"line":3,"column":11},"end":{"line":3,"column":24}},"1":{"start":{"line":4,"column":13},"end":{"line":4,"column":28}},"2":{"start":{"line":5,"column":18},"end":{"line":5,"column":38}},"3":{"start":{"line":6,"column":16},"end":{"line":6,"column":34}},"4":{"start":{"line":7,"column":17},"end":{"line":7,"column":42}},"5":{"start":{"line":8,"column":12},"end":{"line":8,"column":49}},"6":{"start":{"line":9,"column":15},"end":{"line":9,"column":65}},"7":{"start":{"line":10,"column":11},"end":{"line":10,"column":13}},"8":{"start":{"line":13,"column":0},"end":{"line":17,"column":1}},"9":{"start":{"line":14,"column":2},"end":{"line":14,"column":74}},"10":{"start":{"line":16,"column":2},"end":{"line":16,"column":87}},"11":{"start":{"line":19,"column":0},"end":{"line":32,"column":5}},"12":{"start":{"line":22,"column":4},"end":{"line":27,"column":6}},"13":{"start":{"line":30,"column":18},"end":{"line":30,"column":85}},"14":{"start":{"line":31,"column":4},"end":{"line":31,"column":27}},"15":{"start":{"line":34,"column":0},"end":{"line":38,"column":3}},"16":{"start":{"line":35,"column":2},"end":{"line":37,"column":3}},"17":{"start":{"line":36,"column":4},"end":{"line":36,"column":32}},"18":{"start":{"line":40,"column":0},"end":{"line":40,"column":25}},"19":{"start":{"line":41,"column":0},"end":{"line":41,"column":25}},"20":{"start":{"line":43,"column":0},"end":{"line":43,"column":20}}},"fnMap":{"0":{"name":"(anonymous_0)","decl":{"start":{"line":21,"column":10},"end":{"line":21,"column":11}},"loc":{"start":{"line":21,"column":18},"end":{"line":28,"column":3}},"line":21},"1":{"name":"(anonymous_1)","decl":{"start":{"line":29,"column":11},"end":{"line":29,"column":12}},"loc":{"start":{"line":29,"column":19},"end":{"line":32,"column":3}},"line":29},"2":{"name":"(anonymous_2)","decl":{"start":{"line":34,"column":24},"end":{"line":34,"column":25}},"loc":{"start":{"line":34,"column":37},"end":{"line":38,"column":1}},"line":34}},"branchMap":{"0":{"loc":{"start":{"line":8,"column":12},"end":{"line":8,"column":49}},"type":"binary-expr","locations":[{"start":{"line":8,"column":12},"end":{"line":8,"column":32}},{"start":{"line":8,"column":36},"end":{"line":8,"column":49}}],"line":8},"1":{"loc":{"start":{"line":13,"column":0},"end":{"line":17,"column":1}},"type":"if","locations":[{"start":{"line":13,"column":0},"end":{"line":17,"column":1}},{"start":{"line":15,"column":7},"end":{"line":17,"column":1}}],"line":13},"2":{"loc":{"start":{"line":23,"column":6},"end":{"line":26,"column":37}},"type":"binary-expr","locations":[{"start":{"line":23,"column":6},"end":{"line":23,"column":29}},{"start":{"line":24,"column":6},"end":{"line":24,"column":23}},{"start":{"line":25,"column":6},"end":{"line":25,"column":30}},{"start":{"line":26,"column":6},"end":{"line":26,"column":37}}],"line":23},"3":{"loc":{"start":{"line":35,"column":2},"end":{"line":37,"column":3}},"type":"if","locations":[{"start":{"line":35,"column":2},"end":{"line":37,"column":3}},{"start":{},"end":{}}],"line":35}},"s":{"0":3,"1":3,"2":3,"3":3,"4":3,"5":3,"6":3,"7":3,"8":3,"9":0,"10":3,"11":3,"12":15,"13":12,"14":12,"15":3,"16":12,"17":12,"18":3,"19":3,"20":3},"f":{"0":15,"1":12,"2":12},"b":{"0":[3,0],"1":[0,3],"2":[15,15,12,12],"3":[12,0]},"_coverageSchema":"1a1c01bbd47fc00a2c39e90264f33305004495a9","hash":"8c139bd9595347d022157cb451e12ee40c741084"}
,"C:\\Users\\DELL\\Documents\\Hacktiv8\\Phase 2\\Projects\\IP-HCK79\\server\\models\\module.js": {"path":"C:\\Users\\DELL\\Documents\\Hacktiv8\\Phase 2\\Projects\\IP-HCK79\\server\\models\\module.js","statementMap":{"0":{"start":{"line":4,"column":4},"end":{"line":4,"column":24}},"1":{"start":{"line":5,"column":0},"end":{"line":53,"column":2}},"2":{"start":{"line":14,"column":6},"end":{"line":14,"column":65}},"3":{"start":{"line":15,"column":6},"end":{"line":15,"column":63}},"4":{"start":{"line":16,"column":6},"end":{"line":16,"column":61}},"5":{"start":{"line":19,"column":2},"end":{"line":51,"column":5}},"6":{"start":{"line":52,"column":2},"end":{"line":52,"column":16}}},"fnMap":{"0":{"name":"(anonymous_0)","decl":{"start":{"line":5,"column":17},"end":{"line":5,"column":18}},"loc":{"start":{"line":5,"column":43},"end":{"line":53,"column":1}},"line":5},"1":{"name":"(anonymous_1)","decl":{"start":{"line":12,"column":4},"end":{"line":12,"column":5}},"loc":{"start":{"line":12,"column":29},"end":{"line":17,"column":5}},"line":12}},"branchMap":{},"s":{"0":3,"1":3,"2":3,"3":3,"4":3,"5":3,"6":3},"f":{"0":3,"1":3},"b":{},"_coverageSchema":"1a1c01bbd47fc00a2c39e90264f33305004495a9","hash":"cf9a6fc1b7c3e385eab427169ce3da296027e306"}
,"C:\\Users\\DELL\\Documents\\Hacktiv8\\Phase 2\\Projects\\IP-HCK79\\server\\models\\mymodule.js": {"path":"C:\\Users\\DELL\\Documents\\Hacktiv8\\Phase 2\\Projects\\IP-HCK79\\server\\models\\mymodule.js","statementMap":{"0":{"start":{"line":4,"column":4},"end":{"line":4,"column":24}},"1":{"start":{"line":5,"column":0},"end":{"line":36,"column":2}},"2":{"start":{"line":14,"column":6},"end":{"line":14,"column":63}},"3":{"start":{"line":15,"column":6},"end":{"line":15,"column":67}},"4":{"start":{"line":18,"column":2},"end":{"line":34,"column":5}},"5":{"start":{"line":35,"column":2},"end":{"line":35,"column":18}}},"fnMap":{"0":{"name":"(anonymous_0)","decl":{"start":{"line":5,"column":17},"end":{"line":5,"column":18}},"loc":{"start":{"line":5,"column":43},"end":{"line":36,"column":1}},"line":5},"1":{"name":"(anonymous_1)","decl":{"start":{"line":12,"column":4},"end":{"line":12,"column":5}},"loc":{"start":{"line":12,"column":29},"end":{"line":16,"column":5}},"line":12}},"branchMap":{},"s":{"0":3,"1":3,"2":3,"3":3,"4":3,"5":3},"f":{"0":3,"1":3},"b":{},"_coverageSchema":"1a1c01bbd47fc00a2c39e90264f33305004495a9","hash":"f35221aba458a83b26a04b625d13f9c7db13ed1f"}
,"C:\\Users\\DELL\\Documents\\Hacktiv8\\Phase 2\\Projects\\IP-HCK79\\server\\models\\team.js": {"path":"C:\\Users\\DELL\\Documents\\Hacktiv8\\Phase 2\\Projects\\IP-HCK79\\server\\models\\team.js","statementMap":{"0":{"start":{"line":4,"column":4},"end":{"line":4,"column":24}},"1":{"start":{"line":5,"column":0},"end":{"line":32,"column":2}},"2":{"start":{"line":14,"column":6},"end":{"line":14,"column":57}},"3":{"start":{"line":15,"column":6},"end":{"line":15,"column":59}},"4":{"start":{"line":18,"column":2},"end":{"line":30,"column":5}},"5":{"start":{"line":31,"column":2},"end":{"line":31,"column":14}}},"fnMap":{"0":{"name":"(anonymous_0)","decl":{"start":{"line":5,"column":17},"end":{"line":5,"column":18}},"loc":{"start":{"line":5,"column":43},"end":{"line":32,"column":1}},"line":5},"1":{"name":"(anonymous_1)","decl":{"start":{"line":12,"column":4},"end":{"line":12,"column":5}},"loc":{"start":{"line":12,"column":29},"end":{"line":16,"column":5}},"line":12}},"branchMap":{},"s":{"0":3,"1":3,"2":3,"3":3,"4":3,"5":3},"f":{"0":3,"1":3},"b":{},"_coverageSchema":"1a1c01bbd47fc00a2c39e90264f33305004495a9","hash":"b9c11eae863a71191023830a3006c0044fa85e3a"}
,"C:\\Users\\DELL\\Documents\\Hacktiv8\\Phase 2\\Projects\\IP-HCK79\\server\\models\\user.js": {"path":"C:\\Users\\DELL\\Documents\\Hacktiv8\\Phase 2\\Projects\\IP-HCK79\\server\\models\\user.js","statementMap":{"0":{"start":{"line":4,"column":4},"end":{"line":4,"column":24}},"1":{"start":{"line":5,"column":25},"end":{"line":5,"column":53}},"2":{"start":{"line":6,"column":0},"end":{"line":104,"column":2}},"3":{"start":{"line":15,"column":6},"end":{"line":15,"column":75}},"4":{"start":{"line":16,"column":6},"end":{"line":16,"column":61}},"5":{"start":{"line":17,"column":6},"end":{"line":17,"column":59}},"6":{"start":{"line":20,"column":2},"end":{"line":102,"column":5}},"7":{"start":{"line":97,"column":8},"end":{"line":97,"column":51}},"8":{"start":{"line":103,"column":2},"end":{"line":103,"column":14}}},"fnMap":{"0":{"name":"(anonymous_0)","decl":{"start":{"line":6,"column":17},"end":{"line":6,"column":18}},"loc":{"start":{"line":6,"column":43},"end":{"line":104,"column":1}},"line":6},"1":{"name":"(anonymous_1)","decl":{"start":{"line":13,"column":4},"end":{"line":13,"column":5}},"loc":{"start":{"line":13,"column":29},"end":{"line":18,"column":5}},"line":13},"2":{"name":"(anonymous_2)","decl":{"start":{"line":96,"column":20},"end":{"line":96,"column":21}},"loc":{"start":{"line":96,"column":30},"end":{"line":98,"column":7}},"line":96}},"branchMap":{},"s":{"0":3,"1":3,"2":3,"3":3,"4":3,"5":3,"6":3,"7":1,"8":3},"f":{"0":3,"1":3,"2":1},"b":{},"_coverageSchema":"1a1c01bbd47fc00a2c39e90264f33305004495a9","hash":"5674bd10543606cfe2b32cd50ac2a39f41d0db3b"}
,"C:\\Users\\DELL\\Documents\\Hacktiv8\\Phase 2\\Projects\\IP-HCK79\\server\\routes\\index.js": {"path":"C:\\Users\\DELL\\Documents\\Hacktiv8\\Phase 2\\Projects\\IP-HCK79\\server\\routes\\index.js","statementMap":{"0":{"start":{"line":1,"column":15},"end":{"line":1,"column":42}},"1":{"start":{"line":2,"column":15},"end":{"line":2,"column":32}},"2":{"start":{"line":3,"column":15},"end":{"line":3,"column":58}},"3":{"start":{"line":5,"column":25},"end":{"line":5,"column":67}},"4":{"start":{"line":6,"column":27},"end":{"line":6,"column":71}},"5":{"start":{"line":7,"column":23},"end":{"line":7,"column":63}},"6":{"start":{"line":8,"column":23},"end":{"line":8,"column":63}},"7":{"start":{"line":10,"column":23},"end":{"line":10,"column":63}},"8":{"start":{"line":11,"column":22},"end":{"line":11,"column":61}},"9":{"start":{"line":14,"column":0},"end":{"line":14,"column":49}},"10":{"start":{"line":15,"column":0},"end":{"line":15,"column":43}},"11":{"start":{"line":16,"column":0},"end":{"line":16,"column":57}},"12":{"start":{"line":18,"column":0},"end":{"line":18,"column":26}},"13":{"start":{"line":21,"column":0},"end":{"line":21,"column":43}},"14":{"start":{"line":22,"column":0},"end":{"line":22,"column":95}},"15":{"start":{"line":23,"column":0},"end":{"line":23,"column":103}},"16":{"start":{"line":25,"column":0},"end":{"line":25,"column":51}},"17":{"start":{"line":26,"column":0},"end":{"line":26,"column":76}},"18":{"start":{"line":27,"column":0},"end":{"line":27,"column":58}},"19":{"start":{"line":28,"column":0},"end":{"line":28,"column":57}},"20":{"start":{"line":29,"column":0},"end":{"line":29,"column":70}},"21":{"start":{"line":30,"column":0},"end":{"line":30,"column":45}},"22":{"start":{"line":33,"column":0},"end":{"line":33,"column":81}},"23":{"start":{"line":34,"column":0},"end":{"line":34,"column":89}},"24":{"start":{"line":36,"column":0},"end":{"line":36,"column":23}}},"fnMap":{},"branchMap":{},"s":{"0":3,"1":3,"2":3,"3":3,"4":3,"5":3,"6":3,"7":3,"8":3,"9":3,"10":3,"11":3,"12":3,"13":3,"14":3,"15":3,"16":3,"17":3,"18":3,"19":3,"20":3,"21":3,"22":3,"23":3,"24":3},"f":{},"b":{},"_coverageSchema":"1a1c01bbd47fc00a2c39e90264f33305004495a9","hash":"5b84a063f509a485e9221d7133c6e3b283e05aa1"}
}
