TN:
SF:app.js
FNF:0
FNH:0
DA:1,3
DA:2,3
DA:3,3
DA:4,3
DA:6,3
DA:7,3
DA:9,3
DA:10,3
DA:11,3
DA:13,3
DA:15,3
DA:17,3
DA:19,3
LF:13
LH:13
BRF:0
BRH:0
end_of_record
TN:
SF:controllers\moduleController.js
FN:11,(anonymous_0)
FN:30,(anonymous_1)
FN:60,(anonymous_2)
FN:96,(anonymous_3)
FN:102,(anonymous_4)
FN:115,(anonymous_5)
FN:115,(anonymous_6)
FN:125,(anonymous_7)
FNF:8
FNH:2
FNDA:1,(anonymous_0)
FNDA:0,(anonymous_1)
FNDA:0,(anonymous_2)
FNDA:0,(anonymous_3)
FNDA:0,(anonymous_4)
FNDA:0,(anonymous_5)
FNDA:0,(anonymous_6)
FNDA:2,(anonymous_7)
DA:1,3
DA:2,3
DA:4,3
DA:12,1
DA:16,1
DA:24,1
DA:26,0
DA:31,0
DA:32,0
DA:35,0
DA:42,0
DA:43,0
DA:45,0
DA:53,0
DA:60,0
DA:61,0
DA:67,0
DA:88,0
DA:96,0
DA:97,0
DA:102,0
DA:110,0
DA:111,0
DA:115,0
DA:118,0
DA:121,0
DA:126,2
DA:130,2
DA:132,2
DA:138,2
DA:139,1
DA:143,1
DA:145,1
DA:150,3
LF:34
LH:14
BRDA:138,0,0,1
BRDA:138,0,1,1
BRF:2
BRH:2
end_of_record
TN:
SF:controllers\myModuleController.js
FN:6,(anonymous_0)
FN:31,(anonymous_1)
FN:67,(anonymous_2)
FN:86,(anonymous_3)
FNF:4
FNH:4
FNDA:1,(anonymous_0)
FNDA:3,(anonymous_1)
FNDA:1,(anonymous_2)
FNDA:2,(anonymous_3)
DA:1,3
DA:7,1
DA:10,1
DA:12,1
DA:25,1
DA:27,0
DA:32,3
DA:35,3
DA:37,3
DA:40,3
DA:41,3
DA:42,1
DA:46,2
DA:52,2
DA:53,2
DA:54,1
DA:58,1
DA:61,1
DA:62,1
DA:64,2
DA:68,1
DA:76,1
DA:78,1
DA:81,1
DA:83,0
DA:87,2
DA:95,2
DA:97,2
DA:98,2
DA:99,1
DA:102,1
DA:108,1
DA:110,1
DA:115,3
LF:34
LH:32
BRDA:41,0,0,1
BRDA:41,0,1,2
BRDA:53,1,0,1
BRDA:53,1,1,1
BRDA:98,2,0,1
BRDA:98,2,1,1
BRF:6
BRH:6
end_of_record
TN:
SF:controllers\teamController.js
FN:6,(anonymous_0)
FNF:1
FNH:0
FNDA:0,(anonymous_0)
DA:1,3
DA:7,0
DA:10,0
DA:15,0
DA:17,0
DA:22,3
LF:6
LH:2
BRF:0
BRH:0
end_of_record
TN:
SF:controllers\userController.js
FN:18,(anonymous_0)
FN:39,(anonymous_1)
FN:71,(anonymous_2)
FN:120,(anonymous_3)
FN:140,(anonymous_4)
FN:173,(anonymous_5)
FNF:6
FNH:3
FNDA:3,(anonymous_0)
FNDA:5,(anonymous_1)
FNDA:0,(anonymous_2)
FNDA:1,(anonymous_3)
FNDA:0,(anonymous_4)
FNDA:0,(anonymous_5)
DA:1,3
DA:2,3
DA:3,3
DA:4,3
DA:5,3
DA:6,3
DA:8,3
DA:9,3
DA:19,3
DA:21,3
DA:24,3
DA:27,1
DA:36,2
DA:40,5
DA:42,5
DA:45,5
DA:46,1
DA:48,4
DA:49,1
DA:53,3
DA:54,3
DA:55,1
DA:57,2
DA:58,2
DA:59,1
DA:62,1
DA:65,1
DA:67,4
DA:72,0
DA:74,0
DA:75,0
DA:78,0
DA:84,0
DA:85,0
DA:87,0
DA:93,0
DA:94,0
DA:107,0
DA:108,0
DA:112,0
DA:114,0
DA:116,0
DA:121,1
DA:122,1
DA:125,1
DA:134,1
DA:136,0
DA:141,0
DA:142,0
DA:143,0
DA:146,0
DA:147,0
DA:150,0
DA:151,0
DA:153,0
DA:161,0
DA:167,0
DA:169,0
DA:174,0
DA:175,0
DA:176,0
DA:178,0
DA:181,0
DA:182,0
DA:185,0
DA:187,0
DA:188,0
DA:189,0
DA:191,0
DA:197,0
DA:200,0
DA:205,0
DA:207,0
DA:209,0
DA:214,3
LF:75
LH:33
BRDA:45,0,0,1
BRDA:45,0,1,4
BRDA:48,1,0,1
BRDA:48,1,1,3
BRDA:54,2,0,1
BRDA:54,2,1,2
BRDA:58,3,0,1
BRDA:58,3,1,1
BRDA:93,4,0,0
BRDA:93,4,1,0
BRDA:107,5,0,0
BRDA:107,5,1,0
BRDA:146,6,0,0
BRDA:146,6,1,0
BRDA:181,7,0,0
BRDA:181,7,1,0
BRF:16
BRH:8
end_of_record
TN:
SF:helpers\bcrypt.js
FN:3,hashPassword
FN:9,comparePassword
FNF:2
FNH:2
FNDA:13,hashPassword
FNDA:2,comparePassword
DA:1,3
DA:4,13
DA:5,13
DA:6,13
DA:10,2
DA:13,3
LF:6
LH:6
BRF:0
BRH:0
end_of_record
TN:
SF:helpers\jwt.js
FN:4,signToken
FN:9,verifyToken
FNF:2
FNH:2
FNDA:5,signToken
FNDA:18,verifyToken
DA:1,3
DA:2,3
DA:5,5
DA:6,5
DA:10,18
DA:11,17
DA:14,3
LF:7
LH:7
BRF:0
BRH:0
end_of_record
TN:
SF:middlewares\authentication.js
FN:4,authentication
FNF:1
FNH:1
FNDA:18,authentication
DA:1,3
DA:2,3
DA:5,18
DA:6,18
DA:7,18
DA:8,2
DA:11,16
DA:12,16
DA:13,0
DA:16,16
DA:17,15
DA:18,15
DA:19,0
DA:22,15
DA:23,15
DA:25,3
DA:29,3
LF:17
LH:15
BRDA:7,0,0,2
BRDA:7,0,1,16
BRDA:12,1,0,0
BRDA:12,1,1,16
BRDA:18,2,0,0
BRDA:18,2,1,15
BRF:6
BRH:4
end_of_record
TN:
SF:middlewares\authorization.js
FN:3,authorization
FNF:1
FNH:1
FNDA:7,authorization
DA:1,3
DA:4,7
DA:5,7
DA:6,7
DA:7,7
DA:10,7
DA:11,7
DA:12,2
DA:16,5
DA:17,2
DA:20,3
DA:22,4
DA:26,3
LF:13
LH:13
BRDA:11,0,0,2
BRDA:11,0,1,5
BRDA:16,1,0,2
BRDA:16,1,1,3
BRDA:16,2,0,5
BRDA:16,2,1,2
BRF:6
BRH:6
end_of_record
TN:
SF:middlewares\errorHandler.js
FN:1,errorHandler
FNF:1
FNH:1
FNDA:17,errorHandler
DA:2,17
DA:5,2
DA:6,2
DA:8,4
DA:9,4
DA:11,4
DA:12,4
DA:14,2
DA:15,2
DA:17,4
DA:18,4
DA:20,0
DA:21,0
DA:23,1
DA:24,1
DA:26,0
DA:27,0
DA:29,0
DA:30,0
DA:34,3
LF:20
LH:14
BRDA:2,0,0,2
BRDA:2,0,1,2
BRDA:2,0,2,4
BRDA:2,0,3,4
BRDA:2,0,4,2
BRDA:2,0,5,4
BRDA:2,0,6,0
BRDA:2,0,7,1
BRDA:2,0,8,0
BRDA:2,0,9,0
BRF:10
BRH:7
end_of_record
TN:
SF:middlewares\requestActivity.js
FN:1,requestActivity
FNF:1
FNH:1
FNDA:26,requestActivity
DA:2,26
DA:3,26
DA:6,3
LF:3
LH:3
BRF:0
BRH:0
end_of_record
TN:
SF:models\index.js
FN:21,(anonymous_0)
FN:29,(anonymous_1)
FN:34,(anonymous_2)
FNF:3
FNH:3
FNDA:15,(anonymous_0)
FNDA:12,(anonymous_1)
FNDA:12,(anonymous_2)
DA:3,3
DA:4,3
DA:5,3
DA:6,3
DA:7,3
DA:8,3
DA:9,3
DA:10,3
DA:13,3
DA:14,0
DA:16,3
DA:19,3
DA:22,15
DA:30,12
DA:31,12
DA:34,3
DA:35,12
DA:36,12
DA:40,3
DA:41,3
DA:43,3
LF:21
LH:20
BRDA:8,0,0,3
BRDA:8,0,1,0
BRDA:13,1,0,0
BRDA:13,1,1,3
BRDA:23,2,0,15
BRDA:23,2,1,15
BRDA:23,2,2,12
BRDA:23,2,3,12
BRDA:35,3,0,12
BRDA:35,3,1,0
BRF:10
BRH:7
end_of_record
TN:
SF:models\module.js
FN:5,(anonymous_0)
FN:12,(anonymous_1)
FNF:2
FNH:2
FNDA:3,(anonymous_0)
FNDA:3,(anonymous_1)
DA:4,3
DA:5,3
DA:14,3
DA:15,3
DA:16,3
DA:19,3
DA:52,3
LF:7
LH:7
BRF:0
BRH:0
end_of_record
TN:
SF:models\mymodule.js
FN:5,(anonymous_0)
FN:12,(anonymous_1)
FNF:2
FNH:2
FNDA:3,(anonymous_0)
FNDA:3,(anonymous_1)
DA:4,3
DA:5,3
DA:14,3
DA:15,3
DA:18,3
DA:35,3
LF:6
LH:6
BRF:0
BRH:0
end_of_record
TN:
SF:models\team.js
FN:5,(anonymous_0)
FN:12,(anonymous_1)
FNF:2
FNH:2
FNDA:3,(anonymous_0)
FNDA:3,(anonymous_1)
DA:4,3
DA:5,3
DA:14,3
DA:15,3
DA:18,3
DA:31,3
LF:6
LH:6
BRF:0
BRH:0
end_of_record
TN:
SF:models\user.js
FN:6,(anonymous_0)
FN:13,(anonymous_1)
FN:96,(anonymous_2)
FNF:3
FNH:3
FNDA:3,(anonymous_0)
FNDA:3,(anonymous_1)
FNDA:1,(anonymous_2)
DA:4,3
DA:5,3
DA:6,3
DA:15,3
DA:16,3
DA:17,3
DA:20,3
DA:97,1
DA:103,3
LF:9
LH:9
BRF:0
BRH:0
end_of_record
TN:
SF:routes\index.js
FNF:0
FNH:0
DA:1,3
DA:2,3
DA:3,3
DA:5,3
DA:6,3
DA:7,3
DA:8,3
DA:10,3
DA:11,3
DA:14,3
DA:15,3
DA:16,3
DA:18,3
DA:21,3
DA:22,3
DA:23,3
DA:25,3
DA:26,3
DA:27,3
DA:28,3
DA:29,3
DA:30,3
DA:33,3
DA:34,3
DA:36,3
LF:25
LH:25
BRF:0
BRH:0
end_of_record
